{"uuid":"f30a61ec-695f-4988-a3e3-c31fb6e36c33","name":"Allure Report","timestamp":1768862811589,"knownTestCaseIds":["8f598f4e4dc20a4e82301ec066cb314c","989fc59d7ccfd99d3add7af4a17d54fa"],"testResults":{"8f598f4e4dc20a4e82301ec066cb314c.d41d8cd98f00b204e9800998ecf8427e":{"id":"f67c323f1407121decd9bcf0aff4e5f7","name":"Connexion valide","fullName":"src/test/resources/features/login.feature:4","environment":"default","status":"failed","message":"L'URL actuelle est incorrecte ! expected [https://opensource-demo.orangehrmlive.com/web/index.php/] but found [https://opensource-demo.orangehrmlive.com/web/index.php/auth/login]","trace":"java.lang.AssertionError: L'URL actuelle est incorrecte ! expected [https://opensource-demo.orangehrmlive.com/web/index.php/] but found [https://opensource-demo.orangehrmlive.com/web/index.php/auth/login]\r\n\tat org.testng.Assert.fail(Assert.java:111)\r\n\tat org.testng.Assert.failNotEquals(Assert.java:1578)\r\n\tat org.testng.Assert.assertEqualsImpl(Assert.java:150)\r\n\tat org.testng.Assert.assertEquals(Assert.java:132)\r\n\tat org.testng.Assert.assertEquals(Assert.java:656)\r\n\tat steps.LoginSteps.verifyLogin(LoginSteps.java:35)\r\n\tat ✽.il est connecté avec succès(file:///C:/Mes%20Projets/SELENIUM/selenium-framework/src/test/resources/features/login.feature:7)\r\n","start":1768848512800,"stop":1768848521380,"duration":8580,"labels":[{"name":"tag","value":"smoke"},{"name":"tag","value":"login"},{"name":"host","value":"Fiacre_DION"},{"name":"thread","value":"22200@Fiacre_DION.TestNG-PoolService-0(38)"},{"name":"feature","value":"Authentification"},{"name":"story","value":"Connexion valide"},{"name":"suite","value":"Authentification"},{"name":"testClass","value":"Connexion valide"},{"name":"framework","value":"cucumber4jvm"},{"name":"language","value":"java"},{"name":"gherkin_uri","value":"file:///C:/Mes%20Projets/SELENIUM/selenium-framework/src/test/resources/features/login.feature"},{"name":"package","value":"src.test.resources.features.login_feature.Authentification"}],"url":"","historyId":"8f598f4e4dc20a4e82301ec066cb314c.d41d8cd98f00b204e9800998ecf8427e","reportLinks":[]},"989fc59d7ccfd99d3add7af4a17d54fa.d41d8cd98f00b204e9800998ecf8427e":{"id":"05271ea3becbc6b6af9e638a95adb8bf","name":"Mot de passe incorrect","fullName":"src/test/resources/features/login.feature:9","environment":"default","status":"passed","start":1768848512802,"stop":1768848522312,"duration":9510,"labels":[{"name":"tag","value":"smoke"},{"name":"tag","value":"login"},{"name":"host","value":"Fiacre_DION"},{"name":"thread","value":"22200@Fiacre_DION.TestNG-PoolService-1(39)"},{"name":"feature","value":"Authentification"},{"name":"story","value":"Mot de passe incorrect"},{"name":"suite","value":"Authentification"},{"name":"testClass","value":"Mot de passe incorrect"},{"name":"framework","value":"cucumber4jvm"},{"name":"language","value":"java"},{"name":"gherkin_uri","value":"file:///C:/Mes%20Projets/SELENIUM/selenium-framework/src/test/resources/features/login.feature"},{"name":"package","value":"src.test.resources.features.login_feature.Authentification"}],"url":"","historyId":"989fc59d7ccfd99d3add7af4a17d54fa.d41d8cd98f00b204e9800998ecf8427e","reportLinks":[]}},"metrics":{},"url":""}
{"uuid":"a5be8c84-cb3c-4114-b987-3a1ffa6d0c0d","name":"Allure Report","timestamp":1768863735179,"knownTestCaseIds":["989fc59d7ccfd99d3add7af4a17d54fa","8f598f4e4dc20a4e82301ec066cb314c"],"testResults":{"989fc59d7ccfd99d3add7af4a17d54fa.d41d8cd98f00b204e9800998ecf8427e":{"id":"abde62cea515a4a9b90d63ebce1053f0","name":"Mot de passe incorrect","fullName":"src/test/resources/features/login.feature:9","environment":"default","status":"passed","start":1768863688265,"stop":1768863695476,"duration":7211,"labels":[{"name":"tag","value":"smoke"},{"name":"tag","value":"login"},{"name":"host","value":"Fiacre_DION"},{"name":"thread","value":"18692@Fiacre_DION.TestNG-PoolService-1(39)"},{"name":"feature","value":"Authentification"},{"name":"story","value":"Mot de passe incorrect"},{"name":"suite","value":"Authentification"},{"name":"testClass","value":"Mot de passe incorrect"},{"name":"framework","value":"cucumber4jvm"},{"name":"language","value":"java"},{"name":"gherkin_uri","value":"file:///C:/Mes%20Projets/SELENIUM/selenium-framework/src/test/resources/features/login.feature"},{"name":"package","value":"src.test.resources.features.login_feature.Authentification"}],"url":"","historyId":"989fc59d7ccfd99d3add7af4a17d54fa.d41d8cd98f00b204e9800998ecf8427e","reportLinks":[]},"8f598f4e4dc20a4e82301ec066cb314c.d41d8cd98f00b204e9800998ecf8427e":{"id":"7ff3a6832252579fc586e1cfb32a017d","name":"Connexion valide","fullName":"src/test/resources/features/login.feature:4","environment":"default","status":"passed","start":1768863688264,"stop":1768863694930,"duration":6666,"labels":[{"name":"tag","value":"smoke"},{"name":"tag","value":"login"},{"name":"host","value":"Fiacre_DION"},{"name":"thread","value":"18692@Fiacre_DION.TestNG-PoolService-0(38)"},{"name":"feature","value":"Authentification"},{"name":"story","value":"Connexion valide"},{"name":"suite","value":"Authentification"},{"name":"testClass","value":"Connexion valide"},{"name":"framework","value":"cucumber4jvm"},{"name":"language","value":"java"},{"name":"gherkin_uri","value":"file:///C:/Mes%20Projets/SELENIUM/selenium-framework/src/test/resources/features/login.feature"},{"name":"package","value":"src.test.resources.features.login_feature.Authentification"}],"url":"","historyId":"8f598f4e4dc20a4e82301ec066cb314c.d41d8cd98f00b204e9800998ecf8427e","reportLinks":[]}},"metrics":{},"url":""}
{"uuid":"92c0e47f-8f26-464a-b659-b47000bf2bd7","name":"Allure Report","timestamp":1769002633615,"knownTestCaseIds":["8f598f4e4dc20a4e82301ec066cb314c","989fc59d7ccfd99d3add7af4a17d54fa"],"testResults":{"8f598f4e4dc20a4e82301ec066cb314c.d41d8cd98f00b204e9800998ecf8427e":{"id":"0113ab5cee35e89e83d02aa96c9f5033","name":"Connexion valide","fullName":"src/test/resources/features/login.feature:4","environment":"default","status":"passed","start":1769002557082,"stop":1769002564234,"duration":7152,"labels":[{"name":"tag","value":"smoke"},{"name":"tag","value":"login"},{"name":"host","value":"Fiacre_DION"},{"name":"thread","value":"25264@Fiacre_DION.TestNG-PoolService-0(38)"},{"name":"feature","value":"Authentification"},{"name":"story","value":"Connexion valide"},{"name":"suite","value":"Authentification"},{"name":"testClass","value":"Connexion valide"},{"name":"framework","value":"cucumber4jvm"},{"name":"language","value":"java"},{"name":"gherkin_uri","value":"file:///C:/Mes%20Projets/SELENIUM/selenium-framework/src/test/resources/features/login.feature"},{"name":"package","value":"src.test.resources.features.login_feature.Authentification"}],"url":"","historyId":"8f598f4e4dc20a4e82301ec066cb314c.d41d8cd98f00b204e9800998ecf8427e","reportLinks":[]},"989fc59d7ccfd99d3add7af4a17d54fa.d41d8cd98f00b204e9800998ecf8427e":{"id":"0a81fb4e05e4b2e4470ac4ec8c5b4659","name":"Mot de passe incorrect","fullName":"src/test/resources/features/login.feature:9","environment":"default","status":"passed","start":1769002557080,"stop":1769002564544,"duration":7464,"labels":[{"name":"tag","value":"smoke"},{"name":"tag","value":"login"},{"name":"host","value":"Fiacre_DION"},{"name":"thread","value":"25264@Fiacre_DION.TestNG-PoolService-1(39)"},{"name":"feature","value":"Authentification"},{"name":"story","value":"Mot de passe incorrect"},{"name":"suite","value":"Authentification"},{"name":"testClass","value":"Mot de passe incorrect"},{"name":"framework","value":"cucumber4jvm"},{"name":"language","value":"java"},{"name":"gherkin_uri","value":"file:///C:/Mes%20Projets/SELENIUM/selenium-framework/src/test/resources/features/login.feature"},{"name":"package","value":"src.test.resources.features.login_feature.Authentification"}],"url":"","historyId":"989fc59d7ccfd99d3add7af4a17d54fa.d41d8cd98f00b204e9800998ecf8427e","reportLinks":[]}},"metrics":{},"url":""}
{"uuid":"5c263808-0b59-445a-bb16-ada348dbf1d2","name":"Allure Report","timestamp":1769436311853,"knownTestCaseIds":["989fc59d7ccfd99d3add7af4a17d54fa","8f598f4e4dc20a4e82301ec066cb314c"],"testResults":{"989fc59d7ccfd99d3add7af4a17d54fa.d41d8cd98f00b204e9800998ecf8427e":{"id":"f6305bd8fe16dec02e8591100d6646fb","name":"Mot de passe incorrect","fullName":"src/test/resources/features/login.feature:9","environment":"default","status":"broken","message":"Expected condition failed: waiting for visibility of Proxy element for: DefaultElementLocator 'By.name: username' (tried for 10 second(s) with 500 milliseconds interval)","trace":"org.openqa.selenium.TimeoutException: Expected condition failed: waiting for visibility of Proxy element for: DefaultElementLocator 'By.name: username' (tried for 10 second(s) with 500 milliseconds interval)\r\n\tat org.openqa.selenium.support.ui.WebDriverWait.timeoutException(WebDriverWait.java:84)\r\n\tat org.openqa.selenium.support.ui.FluentWait.until(FluentWait.java:229)\r\n\tat utils.WaitUtils.waitForVisibility(WaitUtils.java:20)\r\n\tat pages.LoginPage.login(LoginPage.java:28)\r\n\tat steps.LoginSteps.loginInvalidPassword(LoginSteps.java:40)\r\n\tat ✽.il saisit un mot de passe invalide(file:///C:/Mes%20Projets/SELENIUM/selenium-framework/src/test/resources/features/login.feature:11)\r\nCaused by: org.openqa.selenium.NoSuchElementException: no such element: Unable to locate element: {\"method\":\"css selector\",\"selector\":\"*[name='username']\"}\n  (Session info: chrome=143.0.7499.193)\nFor documentation on this error, please visit: https://www.selenium.dev/documentation/webdriver/troubleshooting/errors#no-such-element-exception\nBuild info: version: '4.16.1', revision: '9b4c83354e'\nSystem info: os.name: 'Windows 11', os.arch: 'amd64', os.version: '10.0', java.version: '24.0.2'\nDriver info: org.openqa.selenium.chrome.ChromeDriver\nCommand: [876677ccc9e9933060782b7fd59e5caf, findElement {using=name, value=username}]\nCapabilities {acceptInsecureCerts: false, browserName: chrome, browserVersion: 143.0.7499.193, chrome: {chromedriverVersion: 143.0.7499.192 (be2c1f4fd45..., userDataDir: C:\\Users\\afiac\\AppData\\Loca...}, fedcm:accounts: true, goog:chromeOptions: {debuggerAddress: localhost:56428}, goog:processID: 27220, networkConnectionEnabled: false, pageLoadStrategy: normal, platformName: windows, proxy: Proxy(), se:cdp: ws://localhost:56428/devtoo..., se:cdpVersion: 143.0.7499.193, setWindowRect: true, strictFileInteractability: false, timeouts: {implicit: 0, pageLoad: 300000, script: 30000}, unhandledPromptBehavior: dismiss and notify, webauthn:extension:credBlob: true, webauthn:extension:largeBlob: true, webauthn:extension:minPinLength: true, webauthn:extension:prf: true, webauthn:virtualAuthenticators: true}\nSession ID: 876677ccc9e9933060782b7fd59e5caf\r\n\tat java.base/jdk.internal.reflect.DirectConstructorHandleAccessor.newInstance(DirectConstructorHandleAccessor.java:62)\r\n\tat java.base/java.lang.reflect.Constructor.newInstanceWithCaller(Constructor.java:499)\r\n\tat java.base/java.lang.reflect.Constructor.newInstance(Constructor.java:483)\r\n\tat org.openqa.selenium.remote.codec.w3c.W3CHttpResponseCodec.createException(W3CHttpResponseCodec.java:200)\r\n\tat org.openqa.selenium.remote.codec.w3c.W3CHttpResponseCodec.decode(W3CHttpResponseCodec.java:133)\r\n\tat org.openqa.selenium.remote.codec.w3c.W3CHttpResponseCodec.decode(W3CHttpResponseCodec.java:52)\r\n\tat org.openqa.selenium.remote.HttpCommandExecutor.execute(HttpCommandExecutor.java:191)\r\n\tat org.openqa.selenium.remote.service.DriverCommandExecutor.invokeExecute(DriverCommandExecutor.java:200)\r\n\tat org.openqa.selenium.remote.service.DriverCommandExecutor.execute(DriverCommandExecutor.java:175)\r\n\tat org.openqa.selenium.remote.RemoteWebDriver.execute(RemoteWebDriver.java:523)\r\n\tat org.openqa.selenium.remote.ElementLocation$ElementFinder$2.findElement(ElementLocation.java:165)\r\n\tat org.openqa.selenium.remote.ElementLocation.findElement(ElementLocation.java:59)\r\n\tat org.openqa.selenium.remote.RemoteWebDriver.findElement(RemoteWebDriver.java:360)\r\n\tat org.openqa.selenium.remote.RemoteWebDriver.findElement(RemoteWebDriver.java:354)\r\n\tat org.openqa.selenium.support.pagefactory.DefaultElementLocator.findElement(DefaultElementLocator.java:68)\r\n\tat org.openqa.selenium.support.pagefactory.internal.LocatingElementHandler.invoke(LocatingElementHandler.java:38)\r\n\tat jdk.proxy2/jdk.proxy2.$Proxy20.isDisplayed(Unknown Source)\r\n\tat org.openqa.selenium.support.ui.ExpectedConditions.elementIfVisible(ExpectedConditions.java:304)\r\n\tat org.openqa.selenium.support.ui.ExpectedConditions$10.apply(ExpectedConditions.java:290)\r\n\tat org.openqa.selenium.support.ui.ExpectedConditions$10.apply(ExpectedConditions.java:287)\r\n\tat org.openqa.selenium.support.ui.FluentWait.until(FluentWait.java:204)\r\n\tat utils.WaitUtils.waitForVisibility(WaitUtils.java:20)\r\n\tat pages.LoginPage.login(LoginPage.java:28)\r\n\tat steps.LoginSteps.loginInvalidPassword(LoginSteps.java:40)\r\n\tat java.base/jdk.internal.reflect.DirectMethodHandleAccessor.invoke(DirectMethodHandleAccessor.java:104)\r\n\tat java.base/java.lang.reflect.Method.invoke(Method.java:565)\r\n\tat io.cucumber.java.Invoker.doInvoke(Invoker.java:66)\r\n\tat io.cucumber.java.Invoker.invoke(Invoker.java:24)\r\n\tat io.cucumber.java.AbstractGlueDefinition.invokeMethod(AbstractGlueDefinition.java:47)\r\n\tat io.cucumber.java.JavaStepDefinition.execute(JavaStepDefinition.java:29)\r\n\tat io.cucumber.core.runner.CoreStepDefinition.execute(CoreStepDefinition.java:66)\r\n\tat io.cucumber.core.runner.PickleStepDefinitionMatch.runStep(PickleStepDefinitionMatch.java:63)\r\n\tat io.cucumber.core.runner.ExecutionMode$1.execute(ExecutionMode.java:10)\r\n\tat io.cucumber.core.runner.TestStep.executeStep(TestStep.java:84)\r\n\tat io.cucumber.core.runner.TestStep.run(TestStep.java:56)\r\n\tat io.cucumber.core.runner.PickleStepTestStep.run(PickleStepTestStep.java:51)\r\n\tat io.cucumber.core.runner.TestCase.run(TestCase.java:84)\r\n\tat io.cucumber.core.runner.Runner.runPickle(Runner.java:75)\r\n\tat io.cucumber.testng.TestNGCucumberRunner.lambda$runScenario$1(TestNGCucumberRunner.java:132)\r\n\tat io.cucumber.core.runtime.CucumberExecutionContext.lambda$runTestCase$5(CucumberExecutionContext.java:137)\r\n\tat io.cucumber.core.runtime.RethrowingThrowableCollector.executeAndThrow(RethrowingThrowableCollector.java:23)\r\n\tat io.cucumber.core.runtime.CucumberExecutionContext.runTestCase(CucumberExecutionContext.java:137)\r\n\tat io.cucumber.testng.TestNGCucumberRunner.runScenario(TestNGCucumberRunner.java:129)\r\n\tat io.cucumber.testng.AbstractTestNGCucumberTests.runScenario(AbstractTestNGCucumberTests.java:35)\r\n\tat java.base/jdk.internal.reflect.DirectMethodHandleAccessor.invoke(DirectMethodHandleAccessor.java:104)\r\n\tat java.base/java.lang.reflect.Method.invoke(Method.java:565)\r\n\tat org.testng.internal.invokers.MethodInvocationHelper.invokeMethod(MethodInvocationHelper.java:139)\r\n\tat org.testng.internal.invokers.TestInvoker.invokeMethod(TestInvoker.java:664)\r\n\tat org.testng.internal.invokers.TestInvoker.invokeTestMethod(TestInvoker.java:227)\r\n\tat org.testng.internal.invokers.TestMethodWithDataProviderMethodWorker.call(TestMethodWithDataProviderMethodWorker.java:80)\r\n\tat org.testng.internal.invokers.TestMethodWithDataProviderMethodWorker.call(TestMethodWithDataProviderMethodWorker.java:17)\r\n\tat java.base/java.util.concurrent.FutureTask.run(FutureTask.java:328)\r\n\tat java.base/java.util.concurrent.Executors$RunnableAdapter.call(Executors.java:545)\r\n\tat java.base/java.util.concurrent.FutureTask.run(FutureTask.java:328)\r\n\tat java.base/java.util.concurrent.ThreadPoolExecutor.runWorker(ThreadPoolExecutor.java:1095)\r\n\tat java.base/java.util.concurrent.ThreadPoolExecutor$Worker.run(ThreadPoolExecutor.java:619)\r\n\tat java.base/java.lang.Thread.run(Thread.java:1447)\r\n","start":1769436021810,"stop":1769436077514,"duration":55704,"labels":[{"name":"tag","value":"smoke"},{"name":"tag","value":"login"},{"name":"host","value":"Fiacre_DION"},{"name":"thread","value":"23380@Fiacre_DION.TestNG-PoolService-1(39)"},{"name":"feature","value":"Authentification"},{"name":"story","value":"Mot de passe incorrect"},{"name":"suite","value":"Authentification"},{"name":"testClass","value":"Mot de passe incorrect"},{"name":"framework","value":"cucumber4jvm"},{"name":"language","value":"java"},{"name":"gherkin_uri","value":"file:///C:/Mes%20Projets/SELENIUM/selenium-framework/src/test/resources/features/login.feature"},{"name":"package","value":"src.test.resources.features.login_feature.Authentification"}],"url":"","historyId":"989fc59d7ccfd99d3add7af4a17d54fa.d41d8cd98f00b204e9800998ecf8427e","reportLinks":[]},"8f598f4e4dc20a4e82301ec066cb314c.d41d8cd98f00b204e9800998ecf8427e":{"id":"2e04d4728b9e33a84c45f3af2434a99d","name":"Connexion valide","fullName":"src/test/resources/features/login.feature:4","environment":"default","status":"broken","message":"Expected condition failed: waiting for visibility of Proxy element for: DefaultElementLocator 'By.name: username' (tried for 10 second(s) with 500 milliseconds interval)","trace":"org.openqa.selenium.TimeoutException: Expected condition failed: waiting for visibility of Proxy element for: DefaultElementLocator 'By.name: username' (tried for 10 second(s) with 500 milliseconds interval)\r\n\tat org.openqa.selenium.support.ui.WebDriverWait.timeoutException(WebDriverWait.java:84)\r\n\tat org.openqa.selenium.support.ui.FluentWait.until(FluentWait.java:229)\r\n\tat utils.WaitUtils.waitForVisibility(WaitUtils.java:20)\r\n\tat pages.LoginPage.login(LoginPage.java:28)\r\n\tat steps.LoginSteps.login(LoginSteps.java:28)\r\n\tat ✽.il saisit des identifiants valides(file:///C:/Mes%20Projets/SELENIUM/selenium-framework/src/test/resources/features/login.feature:6)\r\nCaused by: org.openqa.selenium.NoSuchElementException: no such element: Unable to locate element: {\"method\":\"css selector\",\"selector\":\"*[name='username']\"}\n  (Session info: chrome=143.0.7499.193)\nFor documentation on this error, please visit: https://www.selenium.dev/documentation/webdriver/troubleshooting/errors#no-such-element-exception\nBuild info: version: '4.16.1', revision: '9b4c83354e'\nSystem info: os.name: 'Windows 11', os.arch: 'amd64', os.version: '10.0', java.version: '24.0.2'\nDriver info: org.openqa.selenium.chrome.ChromeDriver\nCommand: [43a852b20f5b7a436e658cfa5f93cda8, findElement {using=name, value=username}]\nCapabilities {acceptInsecureCerts: false, browserName: chrome, browserVersion: 143.0.7499.193, chrome: {chromedriverVersion: 143.0.7499.192 (be2c1f4fd45..., userDataDir: C:\\Users\\afiac\\AppData\\Loca...}, fedcm:accounts: true, goog:chromeOptions: {debuggerAddress: localhost:56427}, goog:processID: 25680, networkConnectionEnabled: false, pageLoadStrategy: normal, platformName: windows, proxy: Proxy(), se:cdp: ws://localhost:56427/devtoo..., se:cdpVersion: 143.0.7499.193, setWindowRect: true, strictFileInteractability: false, timeouts: {implicit: 0, pageLoad: 300000, script: 30000}, unhandledPromptBehavior: dismiss and notify, webauthn:extension:credBlob: true, webauthn:extension:largeBlob: true, webauthn:extension:minPinLength: true, webauthn:extension:prf: true, webauthn:virtualAuthenticators: true}\nSession ID: 43a852b20f5b7a436e658cfa5f93cda8\r\n\tat java.base/jdk.internal.reflect.DirectConstructorHandleAccessor.newInstance(DirectConstructorHandleAccessor.java:62)\r\n\tat java.base/java.lang.reflect.Constructor.newInstanceWithCaller(Constructor.java:499)\r\n\tat java.base/java.lang.reflect.Constructor.newInstance(Constructor.java:483)\r\n\tat org.openqa.selenium.remote.codec.w3c.W3CHttpResponseCodec.createException(W3CHttpResponseCodec.java:200)\r\n\tat org.openqa.selenium.remote.codec.w3c.W3CHttpResponseCodec.decode(W3CHttpResponseCodec.java:133)\r\n\tat org.openqa.selenium.remote.codec.w3c.W3CHttpResponseCodec.decode(W3CHttpResponseCodec.java:52)\r\n\tat org.openqa.selenium.remote.HttpCommandExecutor.execute(HttpCommandExecutor.java:191)\r\n\tat org.openqa.selenium.remote.service.DriverCommandExecutor.invokeExecute(DriverCommandExecutor.java:200)\r\n\tat org.openqa.selenium.remote.service.DriverCommandExecutor.execute(DriverCommandExecutor.java:175)\r\n\tat org.openqa.selenium.remote.RemoteWebDriver.execute(RemoteWebDriver.java:523)\r\n\tat org.openqa.selenium.remote.ElementLocation$ElementFinder$2.findElement(ElementLocation.java:165)\r\n\tat org.openqa.selenium.remote.ElementLocation.findElement(ElementLocation.java:59)\r\n\tat org.openqa.selenium.remote.RemoteWebDriver.findElement(RemoteWebDriver.java:360)\r\n\tat org.openqa.selenium.remote.RemoteWebDriver.findElement(RemoteWebDriver.java:354)\r\n\tat org.openqa.selenium.support.pagefactory.DefaultElementLocator.findElement(DefaultElementLocator.java:68)\r\n\tat org.openqa.selenium.support.pagefactory.internal.LocatingElementHandler.invoke(LocatingElementHandler.java:38)\r\n\tat jdk.proxy2/jdk.proxy2.$Proxy20.isDisplayed(Unknown Source)\r\n\tat org.openqa.selenium.support.ui.ExpectedConditions.elementIfVisible(ExpectedConditions.java:304)\r\n\tat org.openqa.selenium.support.ui.ExpectedConditions$10.apply(ExpectedConditions.java:290)\r\n\tat org.openqa.selenium.support.ui.ExpectedConditions$10.apply(ExpectedConditions.java:287)\r\n\tat org.openqa.selenium.support.ui.FluentWait.until(FluentWait.java:204)\r\n\tat utils.WaitUtils.waitForVisibility(WaitUtils.java:20)\r\n\tat pages.LoginPage.login(LoginPage.java:28)\r\n\tat steps.LoginSteps.login(LoginSteps.java:28)\r\n\tat java.base/jdk.internal.reflect.DirectMethodHandleAccessor.invoke(DirectMethodHandleAccessor.java:104)\r\n\tat java.base/java.lang.reflect.Method.invoke(Method.java:565)\r\n\tat io.cucumber.java.Invoker.doInvoke(Invoker.java:66)\r\n\tat io.cucumber.java.Invoker.invoke(Invoker.java:24)\r\n\tat io.cucumber.java.AbstractGlueDefinition.invokeMethod(AbstractGlueDefinition.java:47)\r\n\tat io.cucumber.java.JavaStepDefinition.execute(JavaStepDefinition.java:29)\r\n\tat io.cucumber.core.runner.CoreStepDefinition.execute(CoreStepDefinition.java:66)\r\n\tat io.cucumber.core.runner.PickleStepDefinitionMatch.runStep(PickleStepDefinitionMatch.java:63)\r\n\tat io.cucumber.core.runner.ExecutionMode$1.execute(ExecutionMode.java:10)\r\n\tat io.cucumber.core.runner.TestStep.executeStep(TestStep.java:84)\r\n\tat io.cucumber.core.runner.TestStep.run(TestStep.java:56)\r\n\tat io.cucumber.core.runner.PickleStepTestStep.run(PickleStepTestStep.java:51)\r\n\tat io.cucumber.core.runner.TestCase.run(TestCase.java:84)\r\n\tat io.cucumber.core.runner.Runner.runPickle(Runner.java:75)\r\n\tat io.cucumber.testng.TestNGCucumberRunner.lambda$runScenario$1(TestNGCucumberRunner.java:132)\r\n\tat io.cucumber.core.runtime.CucumberExecutionContext.lambda$runTestCase$5(CucumberExecutionContext.java:137)\r\n\tat io.cucumber.core.runtime.RethrowingThrowableCollector.executeAndThrow(RethrowingThrowableCollector.java:23)\r\n\tat io.cucumber.core.runtime.CucumberExecutionContext.runTestCase(CucumberExecutionContext.java:137)\r\n\tat io.cucumber.testng.TestNGCucumberRunner.runScenario(TestNGCucumberRunner.java:129)\r\n\tat io.cucumber.testng.AbstractTestNGCucumberTests.runScenario(AbstractTestNGCucumberTests.java:35)\r\n\tat java.base/jdk.internal.reflect.DirectMethodHandleAccessor.invoke(DirectMethodHandleAccessor.java:104)\r\n\tat java.base/java.lang.reflect.Method.invoke(Method.java:565)\r\n\tat org.testng.internal.invokers.MethodInvocationHelper.invokeMethod(MethodInvocationHelper.java:139)\r\n\tat org.testng.internal.invokers.TestInvoker.invokeMethod(TestInvoker.java:664)\r\n\tat org.testng.internal.invokers.TestInvoker.invokeTestMethod(TestInvoker.java:227)\r\n\tat org.testng.internal.invokers.TestMethodWithDataProviderMethodWorker.call(TestMethodWithDataProviderMethodWorker.java:80)\r\n\tat org.testng.internal.invokers.TestMethodWithDataProviderMethodWorker.call(TestMethodWithDataProviderMethodWorker.java:17)\r\n\tat java.base/java.util.concurrent.FutureTask.run(FutureTask.java:328)\r\n\tat java.base/java.util.concurrent.Executors$RunnableAdapter.call(Executors.java:545)\r\n\tat java.base/java.util.concurrent.FutureTask.run(FutureTask.java:328)\r\n\tat java.base/java.util.concurrent.ThreadPoolExecutor.runWorker(ThreadPoolExecutor.java:1095)\r\n\tat java.base/java.util.concurrent.ThreadPoolExecutor$Worker.run(ThreadPoolExecutor.java:619)\r\n\tat java.base/java.lang.Thread.run(Thread.java:1447)\r\n","start":1769436021808,"stop":1769436077646,"duration":55838,"labels":[{"name":"tag","value":"smoke"},{"name":"tag","value":"login"},{"name":"host","value":"Fiacre_DION"},{"name":"thread","value":"23380@Fiacre_DION.TestNG-PoolService-0(38)"},{"name":"feature","value":"Authentification"},{"name":"story","value":"Connexion valide"},{"name":"suite","value":"Authentification"},{"name":"testClass","value":"Connexion valide"},{"name":"framework","value":"cucumber4jvm"},{"name":"language","value":"java"},{"name":"gherkin_uri","value":"file:///C:/Mes%20Projets/SELENIUM/selenium-framework/src/test/resources/features/login.feature"},{"name":"package","value":"src.test.resources.features.login_feature.Authentification"}],"url":"","historyId":"8f598f4e4dc20a4e82301ec066cb314c.d41d8cd98f00b204e9800998ecf8427e","reportLinks":[]}},"metrics":{},"url":""}
{"uuid":"5030a112-4434-40bc-8793-fc653387ba4b","name":"Allure Report","timestamp":1769436716475,"knownTestCaseIds":["8f598f4e4dc20a4e82301ec066cb314c","989fc59d7ccfd99d3add7af4a17d54fa"],"testResults":{"8f598f4e4dc20a4e82301ec066cb314c.d41d8cd98f00b204e9800998ecf8427e":{"id":"17c2de64b0f97d9f6a26151e4011afec","name":"Connexion valide","fullName":"src/test/resources/features/login.feature:4","environment":"default","status":"passed","start":1769436583849,"stop":1769436625092,"duration":41243,"labels":[{"name":"tag","value":"smoke"},{"name":"tag","value":"login"},{"name":"host","value":"Fiacre_DION"},{"name":"thread","value":"16560@Fiacre_DION.TestNG-PoolService-0(38)"},{"name":"feature","value":"Authentification"},{"name":"story","value":"Connexion valide"},{"name":"suite","value":"Authentification"},{"name":"testClass","value":"Connexion valide"},{"name":"framework","value":"cucumber4jvm"},{"name":"language","value":"java"},{"name":"gherkin_uri","value":"file:///C:/Mes%20Projets/SELENIUM/selenium-framework/src/test/resources/features/login.feature"},{"name":"package","value":"src.test.resources.features.login_feature.Authentification"}],"url":"","historyId":"8f598f4e4dc20a4e82301ec066cb314c.d41d8cd98f00b204e9800998ecf8427e","reportLinks":[]},"989fc59d7ccfd99d3add7af4a17d54fa.d41d8cd98f00b204e9800998ecf8427e":{"id":"db95b992395c1ee142207d29ff229f18","name":"Mot de passe incorrect","fullName":"src/test/resources/features/login.feature:9","environment":"default","status":"passed","start":1769436583852,"stop":1769436631614,"duration":47762,"labels":[{"name":"tag","value":"smoke"},{"name":"tag","value":"login"},{"name":"host","value":"Fiacre_DION"},{"name":"thread","value":"16560@Fiacre_DION.TestNG-PoolService-1(39)"},{"name":"feature","value":"Authentification"},{"name":"story","value":"Mot de passe incorrect"},{"name":"suite","value":"Authentification"},{"name":"testClass","value":"Mot de passe incorrect"},{"name":"framework","value":"cucumber4jvm"},{"name":"language","value":"java"},{"name":"gherkin_uri","value":"file:///C:/Mes%20Projets/SELENIUM/selenium-framework/src/test/resources/features/login.feature"},{"name":"package","value":"src.test.resources.features.login_feature.Authentification"}],"url":"","historyId":"989fc59d7ccfd99d3add7af4a17d54fa.d41d8cd98f00b204e9800998ecf8427e","reportLinks":[]}},"metrics":{},"url":""}
{"uuid":"b0e735aa-baf2-4707-a0f2-8dcfe28a0eca","name":"Allure Report","timestamp":1769437252038,"knownTestCaseIds":["989fc59d7ccfd99d3add7af4a17d54fa","8f598f4e4dc20a4e82301ec066cb314c"],"testResults":{"989fc59d7ccfd99d3add7af4a17d54fa.d41d8cd98f00b204e9800998ecf8427e":{"id":"7b8d08ca60a504cb746f100ceee8b7c0","name":"Mot de passe incorrect","fullName":"src/test/resources/features/login.feature:9","environment":"default","status":"passed","start":1769437169408,"stop":1769437206315,"duration":36907,"labels":[{"name":"tag","value":"smoke"},{"name":"tag","value":"login"},{"name":"host","value":"Fiacre_DION"},{"name":"thread","value":"27204@Fiacre_DION.TestNG-PoolService-1(39)"},{"name":"feature","value":"Authentification"},{"name":"story","value":"Mot de passe incorrect"},{"name":"suite","value":"Authentification"},{"name":"testClass","value":"Mot de passe incorrect"},{"name":"framework","value":"cucumber4jvm"},{"name":"language","value":"java"},{"name":"gherkin_uri","value":"file:///C:/Mes%20Projets/SELENIUM/selenium-framework/src/test/resources/features/login.feature"},{"name":"package","value":"src.test.resources.features.login_feature.Authentification"}],"url":"","historyId":"989fc59d7ccfd99d3add7af4a17d54fa.d41d8cd98f00b204e9800998ecf8427e","reportLinks":[]},"8f598f4e4dc20a4e82301ec066cb314c.d41d8cd98f00b204e9800998ecf8427e":{"id":"2dcef5941bb0e658fe5bebb9c5da0942","name":"Connexion valide","fullName":"src/test/resources/features/login.feature:4","environment":"default","status":"failed","message":"L'URL actuelle est incorrecte ! expected [https://opensource-demo.orangehrmlive.com/web/index.php/dashboard/index] but found [https://opensource-demo.orangehrmlive.com/web/index.php/auth/login]","trace":"java.lang.AssertionError: L'URL actuelle est incorrecte ! expected [https://opensource-demo.orangehrmlive.com/web/index.php/dashboard/index] but found [https://opensource-demo.orangehrmlive.com/web/index.php/auth/login]\r\n\tat org.testng.Assert.fail(Assert.java:111)\r\n\tat org.testng.Assert.failNotEquals(Assert.java:1578)\r\n\tat org.testng.Assert.assertEqualsImpl(Assert.java:150)\r\n\tat org.testng.Assert.assertEquals(Assert.java:132)\r\n\tat org.testng.Assert.assertEquals(Assert.java:656)\r\n\tat steps.LoginSteps.verifyLogin(LoginSteps.java:48)\r\n\tat ✽.il est connecté avec succès(file:///C:/Mes%20Projets/SELENIUM/selenium-framework/src/test/resources/features/login.feature:7)\r\n","start":1769437169405,"stop":1769437195131,"duration":25726,"labels":[{"name":"tag","value":"smoke"},{"name":"tag","value":"login"},{"name":"host","value":"Fiacre_DION"},{"name":"thread","value":"27204@Fiacre_DION.TestNG-PoolService-0(38)"},{"name":"feature","value":"Authentification"},{"name":"story","value":"Connexion valide"},{"name":"suite","value":"Authentification"},{"name":"testClass","value":"Connexion valide"},{"name":"framework","value":"cucumber4jvm"},{"name":"language","value":"java"},{"name":"gherkin_uri","value":"file:///C:/Mes%20Projets/SELENIUM/selenium-framework/src/test/resources/features/login.feature"},{"name":"package","value":"src.test.resources.features.login_feature.Authentification"}],"url":"","historyId":"8f598f4e4dc20a4e82301ec066cb314c.d41d8cd98f00b204e9800998ecf8427e","reportLinks":[]}},"metrics":{},"url":""}
{"uuid":"519e49b1-9369-4c24-a11a-2a28d05a3e12","name":"Allure Report","timestamp":1769437437327,"knownTestCaseIds":["8f598f4e4dc20a4e82301ec066cb314c","989fc59d7ccfd99d3add7af4a17d54fa"],"testResults":{"8f598f4e4dc20a4e82301ec066cb314c.d41d8cd98f00b204e9800998ecf8427e":{"id":"89c194483332154e21afd277259303c3","name":"Connexion valide","fullName":"src/test/resources/features/login.feature:4","environment":"default","status":"failed","message":"L'URL actuelle est incorrecte ! expected [https://opensource-demo.orangehrmlive.com/web/index.php/dashboard/index] but found [https://opensource-demo.orangehrmlive.com/web/index.php/auth/login]","trace":"java.lang.AssertionError: L'URL actuelle est incorrecte ! expected [https://opensource-demo.orangehrmlive.com/web/index.php/dashboard/index] but found [https://opensource-demo.orangehrmlive.com/web/index.php/auth/login]\r\n\tat org.testng.Assert.fail(Assert.java:111)\r\n\tat org.testng.Assert.failNotEquals(Assert.java:1578)\r\n\tat org.testng.Assert.assertEqualsImpl(Assert.java:150)\r\n\tat org.testng.Assert.assertEquals(Assert.java:132)\r\n\tat org.testng.Assert.assertEquals(Assert.java:656)\r\n\tat steps.LoginSteps.verifyLogin(LoginSteps.java:48)\r\n\tat ✽.il est connecté avec succès(file:///C:/Mes%20Projets/SELENIUM/selenium-framework/src/test/resources/features/login.feature:7)\r\n","start":1769437387886,"stop":1769437413406,"duration":25520,"labels":[{"name":"tag","value":"smoke"},{"name":"tag","value":"login"},{"name":"host","value":"Fiacre_DION"},{"name":"thread","value":"30432@Fiacre_DION.TestNG-PoolService-0(38)"},{"name":"feature","value":"Authentification"},{"name":"story","value":"Connexion valide"},{"name":"suite","value":"Authentification"},{"name":"testClass","value":"Connexion valide"},{"name":"framework","value":"cucumber4jvm"},{"name":"language","value":"java"},{"name":"gherkin_uri","value":"file:///C:/Mes%20Projets/SELENIUM/selenium-framework/src/test/resources/features/login.feature"},{"name":"package","value":"src.test.resources.features.login_feature.Authentification"}],"url":"","historyId":"8f598f4e4dc20a4e82301ec066cb314c.d41d8cd98f00b204e9800998ecf8427e","reportLinks":[]},"989fc59d7ccfd99d3add7af4a17d54fa.d41d8cd98f00b204e9800998ecf8427e":{"id":"63cf5cdef43bb3ae2eb41e99937c6a78","name":"Mot de passe incorrect","fullName":"src/test/resources/features/login.feature:9","environment":"default","status":"passed","start":1769437387888,"stop":1769437425798,"duration":37910,"labels":[{"name":"tag","value":"smoke"},{"name":"tag","value":"login"},{"name":"host","value":"Fiacre_DION"},{"name":"thread","value":"30432@Fiacre_DION.TestNG-PoolService-1(39)"},{"name":"feature","value":"Authentification"},{"name":"story","value":"Mot de passe incorrect"},{"name":"suite","value":"Authentification"},{"name":"testClass","value":"Mot de passe incorrect"},{"name":"framework","value":"cucumber4jvm"},{"name":"language","value":"java"},{"name":"gherkin_uri","value":"file:///C:/Mes%20Projets/SELENIUM/selenium-framework/src/test/resources/features/login.feature"},{"name":"package","value":"src.test.resources.features.login_feature.Authentification"}],"url":"","historyId":"989fc59d7ccfd99d3add7af4a17d54fa.d41d8cd98f00b204e9800998ecf8427e","reportLinks":[]}},"metrics":{},"url":""}
{"uuid":"c560ae3a-c373-44a5-bb29-e9874672d5e6","name":"Allure Report","timestamp":1769438735963,"knownTestCaseIds":["8f598f4e4dc20a4e82301ec066cb314c","989fc59d7ccfd99d3add7af4a17d54fa"],"testResults":{"8f598f4e4dc20a4e82301ec066cb314c.d41d8cd98f00b204e9800998ecf8427e":{"id":"48583e5de7208995185618cd862e25a6","name":"Connexion valide","fullName":"src/test/resources/features/login.feature:4","environment":"default","status":"passed","start":1769438556820,"stop":1769438632715,"duration":75895,"labels":[{"name":"tag","value":"smoke"},{"name":"tag","value":"login"},{"name":"host","value":"Fiacre_DION"},{"name":"thread","value":"17692@Fiacre_DION.TestNG-PoolService-0(38)"},{"name":"feature","value":"Authentification"},{"name":"story","value":"Connexion valide"},{"name":"suite","value":"Authentification"},{"name":"testClass","value":"Connexion valide"},{"name":"framework","value":"cucumber4jvm"},{"name":"language","value":"java"},{"name":"gherkin_uri","value":"file:///C:/Mes%20Projets/SELENIUM/selenium-framework/src/test/resources/features/login.feature"},{"name":"package","value":"src.test.resources.features.login_feature.Authentification"}],"url":"","historyId":"8f598f4e4dc20a4e82301ec066cb314c.d41d8cd98f00b204e9800998ecf8427e","reportLinks":[]},"989fc59d7ccfd99d3add7af4a17d54fa.d41d8cd98f00b204e9800998ecf8427e":{"id":"b21308c68387b5f589989d5306191748","name":"Mot de passe incorrect","fullName":"src/test/resources/features/login.feature:9","environment":"default","status":"broken","message":"Expected condition failed: waiting for visibility of Proxy element for: DefaultElementLocator 'By.cssSelector: p.oxd-alert-content-text' (tried for 30 second(s) with 500 milliseconds interval)","trace":"org.openqa.selenium.TimeoutException: Expected condition failed: waiting for visibility of Proxy element for: DefaultElementLocator 'By.cssSelector: p.oxd-alert-content-text' (tried for 30 second(s) with 500 milliseconds interval)\r\n\tat org.openqa.selenium.support.ui.WebDriverWait.timeoutException(WebDriverWait.java:84)\r\n\tat org.openqa.selenium.support.ui.FluentWait.until(FluentWait.java:229)\r\n\tat utils.WaitUtils.waitForVisibility(WaitUtils.java:20)\r\n\tat pages.LoginPage.isErrorMessageDisplayed(LoginPage.java:34)\r\n\tat steps.LoginSteps.verifyLoginInvalidPassword(LoginSteps.java:55)\r\n\tat ✽.il reste sur la page de login avec message erreur(file:///C:/Mes%20Projets/SELENIUM/selenium-framework/src/test/resources/features/login.feature:12)\r\nCaused by: org.openqa.selenium.NoSuchElementException: Unable to locate element: p.oxd-alert-content-text\nFor documentation on this error, please visit: https://www.selenium.dev/documentation/webdriver/troubleshooting/errors#no-such-element-exception\nBuild info: version: '4.16.1', revision: '9b4c83354e'\nSystem info: os.name: 'Windows 11', os.arch: 'amd64', os.version: '10.0', java.version: '24.0.2'\nDriver info: org.openqa.selenium.firefox.FirefoxDriver\nCommand: [5bad1a28-de9e-4cdf-bd70-ded7c9f65da9, findElement {using=css selector, value=p.oxd-alert-content-text}]\nCapabilities {acceptInsecureCerts: true, browserName: firefox, browserVersion: 147.0.1, moz:accessibilityChecks: false, moz:buildID: 20260116091309, moz:geckodriverVersion: 0.36.0, moz:headless: true, moz:platformVersion: 10.0, moz:processID: 16120, moz:profile: C:\\Users\\afiac\\AppData\\Loca..., moz:shutdownTimeout: 60000, moz:webdriverClick: true, moz:windowless: false, pageLoadStrategy: normal, platformName: windows, proxy: Proxy(), setWindowRect: true, strictFileInteractability: false, timeouts: {implicit: 0, pageLoad: 300000, script: 30000}, unhandledPromptBehavior: dismiss and notify, userAgent: Mozilla/5.0 (Windows NT 10....}\nSession ID: 5bad1a28-de9e-4cdf-bd70-ded7c9f65da9\r\n\tat java.base/jdk.internal.reflect.DirectConstructorHandleAccessor.newInstance(DirectConstructorHandleAccessor.java:62)\r\n\tat java.base/java.lang.reflect.Constructor.newInstanceWithCaller(Constructor.java:499)\r\n\tat java.base/java.lang.reflect.Constructor.newInstance(Constructor.java:483)\r\n\tat org.openqa.selenium.remote.codec.w3c.W3CHttpResponseCodec.createException(W3CHttpResponseCodec.java:200)\r\n\tat org.openqa.selenium.remote.codec.w3c.W3CHttpResponseCodec.decode(W3CHttpResponseCodec.java:133)\r\n\tat org.openqa.selenium.remote.codec.w3c.W3CHttpResponseCodec.decode(W3CHttpResponseCodec.java:52)\r\n\tat org.openqa.selenium.remote.HttpCommandExecutor.execute(HttpCommandExecutor.java:191)\r\n\tat org.openqa.selenium.remote.service.DriverCommandExecutor.invokeExecute(DriverCommandExecutor.java:200)\r\n\tat org.openqa.selenium.remote.service.DriverCommandExecutor.execute(DriverCommandExecutor.java:175)\r\n\tat org.openqa.selenium.remote.RemoteWebDriver.execute(RemoteWebDriver.java:523)\r\n\tat org.openqa.selenium.remote.ElementLocation$ElementFinder$2.findElement(ElementLocation.java:165)\r\n\tat org.openqa.selenium.remote.ElementLocation.findElement(ElementLocation.java:59)\r\n\tat org.openqa.selenium.remote.RemoteWebDriver.findElement(RemoteWebDriver.java:360)\r\n\tat org.openqa.selenium.remote.RemoteWebDriver.findElement(RemoteWebDriver.java:354)\r\n\tat org.openqa.selenium.support.pagefactory.DefaultElementLocator.findElement(DefaultElementLocator.java:68)\r\n\tat org.openqa.selenium.support.pagefactory.internal.LocatingElementHandler.invoke(LocatingElementHandler.java:38)\r\n\tat jdk.proxy2/jdk.proxy2.$Proxy20.isDisplayed(Unknown Source)\r\n\tat org.openqa.selenium.support.ui.ExpectedConditions.elementIfVisible(ExpectedConditions.java:304)\r\n\tat org.openqa.selenium.support.ui.ExpectedConditions$10.apply(ExpectedConditions.java:290)\r\n\tat org.openqa.selenium.support.ui.ExpectedConditions$10.apply(ExpectedConditions.java:287)\r\n\tat org.openqa.selenium.support.ui.FluentWait.until(FluentWait.java:204)\r\n\tat utils.WaitUtils.waitForVisibility(WaitUtils.java:20)\r\n\tat pages.LoginPage.isErrorMessageDisplayed(LoginPage.java:34)\r\n\tat steps.LoginSteps.verifyLoginInvalidPassword(LoginSteps.java:55)\r\n\tat java.base/jdk.internal.reflect.DirectMethodHandleAccessor.invoke(DirectMethodHandleAccessor.java:104)\r\n\tat java.base/java.lang.reflect.Method.invoke(Method.java:565)\r\n\tat io.cucumber.java.Invoker.doInvoke(Invoker.java:66)\r\n\tat io.cucumber.java.Invoker.invoke(Invoker.java:24)\r\n\tat io.cucumber.java.AbstractGlueDefinition.invokeMethod(AbstractGlueDefinition.java:47)\r\n\tat io.cucumber.java.JavaStepDefinition.execute(JavaStepDefinition.java:29)\r\n\tat io.cucumber.core.runner.CoreStepDefinition.execute(CoreStepDefinition.java:66)\r\n\tat io.cucumber.core.runner.PickleStepDefinitionMatch.runStep(PickleStepDefinitionMatch.java:63)\r\n\tat io.cucumber.core.runner.ExecutionMode$1.execute(ExecutionMode.java:10)\r\n\tat io.cucumber.core.runner.TestStep.executeStep(TestStep.java:84)\r\n\tat io.cucumber.core.runner.TestStep.run(TestStep.java:56)\r\n\tat io.cucumber.core.runner.PickleStepTestStep.run(PickleStepTestStep.java:51)\r\n\tat io.cucumber.core.runner.TestCase.run(TestCase.java:84)\r\n\tat io.cucumber.core.runner.Runner.runPickle(Runner.java:75)\r\n\tat io.cucumber.testng.TestNGCucumberRunner.lambda$runScenario$1(TestNGCucumberRunner.java:132)\r\n\tat io.cucumber.core.runtime.CucumberExecutionContext.lambda$runTestCase$5(CucumberExecutionContext.java:137)\r\n\tat io.cucumber.core.runtime.RethrowingThrowableCollector.executeAndThrow(RethrowingThrowableCollector.java:23)\r\n\tat io.cucumber.core.runtime.CucumberExecutionContext.runTestCase(CucumberExecutionContext.java:137)\r\n\tat io.cucumber.testng.TestNGCucumberRunner.runScenario(TestNGCucumberRunner.java:129)\r\n\tat io.cucumber.testng.AbstractTestNGCucumberTests.runScenario(AbstractTestNGCucumberTests.java:35)\r\n\tat java.base/jdk.internal.reflect.DirectMethodHandleAccessor.invoke(DirectMethodHandleAccessor.java:104)\r\n\tat java.base/java.lang.reflect.Method.invoke(Method.java:565)\r\n\tat org.testng.internal.invokers.MethodInvocationHelper.invokeMethod(MethodInvocationHelper.java:139)\r\n\tat org.testng.internal.invokers.TestInvoker.invokeMethod(TestInvoker.java:664)\r\n\tat org.testng.internal.invokers.TestInvoker.invokeTestMethod(TestInvoker.java:227)\r\n\tat org.testng.internal.invokers.TestMethodWithDataProviderMethodWorker.call(TestMethodWithDataProviderMethodWorker.java:80)\r\n\tat org.testng.internal.invokers.TestMethodWithDataProviderMethodWorker.call(TestMethodWithDataProviderMethodWorker.java:17)\r\n\tat java.base/java.util.concurrent.FutureTask.run(FutureTask.java:328)\r\n\tat java.base/java.util.concurrent.Executors$RunnableAdapter.call(Executors.java:545)\r\n\tat java.base/java.util.concurrent.FutureTask.run(FutureTask.java:328)\r\n\tat java.base/java.util.concurrent.ThreadPoolExecutor.runWorker(ThreadPoolExecutor.java:1095)\r\n\tat java.base/java.util.concurrent.ThreadPoolExecutor$Worker.run(ThreadPoolExecutor.java:619)\r\n\tat java.base/java.lang.Thread.run(Thread.java:1447)\r\n","start":1769438556822,"stop":1769438661633,"duration":104811,"labels":[{"name":"tag","value":"smoke"},{"name":"tag","value":"login"},{"name":"host","value":"Fiacre_DION"},{"name":"thread","value":"17692@Fiacre_DION.TestNG-PoolService-1(39)"},{"name":"feature","value":"Authentification"},{"name":"story","value":"Mot de passe incorrect"},{"name":"suite","value":"Authentification"},{"name":"testClass","value":"Mot de passe incorrect"},{"name":"framework","value":"cucumber4jvm"},{"name":"language","value":"java"},{"name":"gherkin_uri","value":"file:///C:/Mes%20Projets/SELENIUM/selenium-framework/src/test/resources/features/login.feature"},{"name":"package","value":"src.test.resources.features.login_feature.Authentification"}],"url":"","historyId":"989fc59d7ccfd99d3add7af4a17d54fa.d41d8cd98f00b204e9800998ecf8427e","reportLinks":[]}},"metrics":{},"url":""}
{"uuid":"0ee8a395-0e85-42ab-bc4a-6c2a48992b79","name":"Allure Report","timestamp":1769438890081,"knownTestCaseIds":["8f598f4e4dc20a4e82301ec066cb314c","989fc59d7ccfd99d3add7af4a17d54fa"],"testResults":{"8f598f4e4dc20a4e82301ec066cb314c.d41d8cd98f00b204e9800998ecf8427e":{"id":"4f6cc8bad53c8f0a30493f614cd36f66","name":"Connexion valide","fullName":"src/test/resources/features/login.feature:4","environment":"default","status":"passed","start":1769438798345,"stop":1769438807679,"duration":9334,"labels":[{"name":"tag","value":"smoke"},{"name":"tag","value":"login"},{"name":"host","value":"Fiacre_DION"},{"name":"thread","value":"21496@Fiacre_DION.TestNG-PoolService-0(38)"},{"name":"feature","value":"Authentification"},{"name":"story","value":"Connexion valide"},{"name":"suite","value":"Authentification"},{"name":"testClass","value":"Connexion valide"},{"name":"framework","value":"cucumber4jvm"},{"name":"language","value":"java"},{"name":"gherkin_uri","value":"file:///C:/Mes%20Projets/SELENIUM/selenium-framework/src/test/resources/features/login.feature"},{"name":"package","value":"src.test.resources.features.login_feature.Authentification"}],"url":"","historyId":"8f598f4e4dc20a4e82301ec066cb314c.d41d8cd98f00b204e9800998ecf8427e","reportLinks":[]},"989fc59d7ccfd99d3add7af4a17d54fa.d41d8cd98f00b204e9800998ecf8427e":{"id":"ec40f64884a84a0e855189acb3c7aba7","name":"Mot de passe incorrect","fullName":"src/test/resources/features/login.feature:9","environment":"default","status":"passed","start":1769438798347,"stop":1769438814138,"duration":15791,"labels":[{"name":"tag","value":"smoke"},{"name":"tag","value":"login"},{"name":"host","value":"Fiacre_DION"},{"name":"thread","value":"21496@Fiacre_DION.TestNG-PoolService-1(39)"},{"name":"feature","value":"Authentification"},{"name":"story","value":"Mot de passe incorrect"},{"name":"suite","value":"Authentification"},{"name":"testClass","value":"Mot de passe incorrect"},{"name":"framework","value":"cucumber4jvm"},{"name":"language","value":"java"},{"name":"gherkin_uri","value":"file:///C:/Mes%20Projets/SELENIUM/selenium-framework/src/test/resources/features/login.feature"},{"name":"package","value":"src.test.resources.features.login_feature.Authentification"}],"url":"","historyId":"989fc59d7ccfd99d3add7af4a17d54fa.d41d8cd98f00b204e9800998ecf8427e","reportLinks":[]}},"metrics":{},"url":""}
{"uuid":"7149a1bf-c288-4ccb-88da-46bbf1a0a68e","name":"Allure Report","timestamp":1769439108225,"knownTestCaseIds":["8f598f4e4dc20a4e82301ec066cb314c","989fc59d7ccfd99d3add7af4a17d54fa"],"testResults":{"8f598f4e4dc20a4e82301ec066cb314c.d41d8cd98f00b204e9800998ecf8427e":{"id":"fa0b81968b08800578721e083a177088","name":"Connexion valide","fullName":"src/test/resources/features/login.feature:4","environment":"default","status":"passed","start":1769439009370,"stop":1769439024558,"duration":15188,"labels":[{"name":"tag","value":"smoke"},{"name":"tag","value":"login"},{"name":"host","value":"Fiacre_DION"},{"name":"thread","value":"16036@Fiacre_DION.TestNG-PoolService-0(38)"},{"name":"feature","value":"Authentification"},{"name":"story","value":"Connexion valide"},{"name":"suite","value":"Authentification"},{"name":"testClass","value":"Connexion valide"},{"name":"framework","value":"cucumber4jvm"},{"name":"language","value":"java"},{"name":"gherkin_uri","value":"file:///C:/Mes%20Projets/SELENIUM/selenium-framework/src/test/resources/features/login.feature"},{"name":"package","value":"src.test.resources.features.login_feature.Authentification"}],"url":"","historyId":"8f598f4e4dc20a4e82301ec066cb314c.d41d8cd98f00b204e9800998ecf8427e","reportLinks":[]},"989fc59d7ccfd99d3add7af4a17d54fa.d41d8cd98f00b204e9800998ecf8427e":{"id":"7d0174e7c3fae779061e47977364c6cc","name":"Mot de passe incorrect","fullName":"src/test/resources/features/login.feature:9","environment":"default","status":"passed","start":1769439009368,"stop":1769439029054,"duration":19686,"labels":[{"name":"tag","value":"smoke"},{"name":"tag","value":"login"},{"name":"host","value":"Fiacre_DION"},{"name":"thread","value":"16036@Fiacre_DION.TestNG-PoolService-1(39)"},{"name":"feature","value":"Authentification"},{"name":"story","value":"Mot de passe incorrect"},{"name":"suite","value":"Authentification"},{"name":"testClass","value":"Mot de passe incorrect"},{"name":"framework","value":"cucumber4jvm"},{"name":"language","value":"java"},{"name":"gherkin_uri","value":"file:///C:/Mes%20Projets/SELENIUM/selenium-framework/src/test/resources/features/login.feature"},{"name":"package","value":"src.test.resources.features.login_feature.Authentification"}],"url":"","historyId":"989fc59d7ccfd99d3add7af4a17d54fa.d41d8cd98f00b204e9800998ecf8427e","reportLinks":[]}},"metrics":{},"url":""}
