<?xml version="1.0" encoding="UTF-8"?>
<testng-results ignored="0" total="2" passed="2" failed="0" skipped="0">
  <reporter-output>
  </reporter-output>
  <suite started-at="2026-01-26T16:08:06 CET" name="Surefire suite" finished-at="2026-01-26T16:08:16 CET" duration-ms="10321">
    <groups>
      <group name="cucumber">
        <method signature="AbstractTestNGCucumberTests.runScenario(io.cucumber.testng.PickleWrapper,io.cucumber.testng.FeatureWrapper)[pri:0, instance:runners.TestRunner@2f217633]" name="runScenario" class="io.cucumber.testng.AbstractTestNGCucumberTests"/>
      </group> <!-- cucumber -->
    </groups>
    <test started-at="2026-01-26T16:08:06 CET" name="Surefire test" finished-at="2026-01-26T16:08:16 CET" duration-ms="10321">
      <class name="runners.TestRunner">
        <test-method is-config="true" signature="setUpClass(org.testng.ITestContext)[pri:0, instance:runners.TestRunner@2f217633]" started-at="2026-01-26T16:08:06 CET" name="setUpClass" finished-at="2026-01-26T16:08:06 CET" duration-ms="194" status="PASS">
          <params>
            <param index="0">
              <value>
                <![CDATA[org.testng.TestRunner@5b247367]]>
              </value>
            </param>
          </params>
          <reporter-output>
          </reporter-output>
        </test-method> <!-- setUpClass -->
        <test-method signature="runScenario(io.cucumber.testng.PickleWrapper,io.cucumber.testng.FeatureWrapper)[pri:0, instance:runners.TestRunner@2f217633]" started-at="2026-01-26T16:08:06 CET" name="runScenario" description="Runs Cucumber Scenarios" data-provider="scenarios" finished-at="2026-01-26T16:08:15 CET" duration-ms="9351" status="PASS">
          <params>
            <param index="0">
              <value>
                <![CDATA["Connexion valide"]]>
              </value>
            </param>
            <param index="1">
              <value>
                <![CDATA["Authentification"]]>
              </value>
            </param>
          </params>
          <reporter-output>
          </reporter-output>
        </test-method> <!-- runScenario -->
        <test-method signature="runScenario(io.cucumber.testng.PickleWrapper,io.cucumber.testng.FeatureWrapper)[pri:0, instance:runners.TestRunner@2f217633]" started-at="2026-01-26T16:08:06 CET" name="runScenario" description="Runs Cucumber Scenarios" data-provider="scenarios" finished-at="2026-01-26T16:08:16 CET" duration-ms="10082" status="PASS">
          <params>
            <param index="0">
              <value>
                <![CDATA["Mot de passe incorrect"]]>
              </value>
            </param>
            <param index="1">
              <value>
                <![CDATA["Authentification"]]>
              </value>
            </param>
          </params>
          <reporter-output>
          </reporter-output>
        </test-method> <!-- runScenario -->
        <test-method is-config="true" signature="tearDownClass()[pri:0, instance:runners.TestRunner@2f217633]" started-at="2026-01-26T16:08:16 CET" name="tearDownClass" finished-at="2026-01-26T16:08:16 CET" duration-ms="4" status="PASS">
          <reporter-output>
          </reporter-output>
        </test-method> <!-- tearDownClass -->
      </class> <!-- runners.TestRunner -->
    </test> <!-- Surefire test -->
  </suite> <!-- Surefire suite -->
</testng-results>
