<?xml version="1.0" encoding="UTF-8"?>
<testng-results ignored="0" total="2" passed="2" failed="0" skipped="0">
  <reporter-output>
  </reporter-output>
  <suite started-at="2026-01-21T02:18:26 CET" name="Surefire suite" finished-at="2026-01-21T02:19:13 CET" duration-ms="47130">
    <groups>
      <group name="cucumber">
        <method signature="AbstractTestNGCucumberTests.runScenario(io.cucumber.testng.PickleWrapper,io.cucumber.testng.FeatureWrapper)[pri:0, instance:runners.TestRunner@3d6f0054]" name="runScenario" class="io.cucumber.testng.AbstractTestNGCucumberTests"/>
      </group> <!-- cucumber -->
    </groups>
    <test started-at="2026-01-21T02:18:26 CET" name="Surefire test" finished-at="2026-01-21T02:19:13 CET" duration-ms="47130">
      <class name="runners.TestRunner">
        <test-method is-config="true" signature="setUpClass(org.testng.ITestContext)[pri:0, instance:runners.TestRunner@3d6f0054]" started-at="2026-01-21T02:18:26 CET" name="setUpClass" finished-at="2026-01-21T02:18:27 CET" duration-ms="247" status="PASS">
          <params>
            <param index="0">
              <value>
                <![CDATA[org.testng.TestRunner@3f191845]]>
              </value>
            </param>
          </params>
          <reporter-output>
          </reporter-output>
        </test-method> <!-- setUpClass -->
        <test-method signature="runScenario(io.cucumber.testng.PickleWrapper,io.cucumber.testng.FeatureWrapper)[pri:0, instance:runners.TestRunner@3d6f0054]" started-at="2026-01-21T02:18:27 CET" name="runScenario" description="Runs Cucumber Scenarios" data-provider="scenarios" finished-at="2026-01-21T02:19:13 CET" duration-ms="46835" status="PASS">
          <params>
            <param index="0">
              <value>
                <![CDATA["Mot de passe incorrect"]]>
              </value>
            </param>
            <param index="1">
              <value>
                <![CDATA["Authentification"]]>
              </value>
            </param>
          </params>
          <reporter-output>
          </reporter-output>
        </test-method> <!-- runScenario -->
        <test-method signature="runScenario(io.cucumber.testng.PickleWrapper,io.cucumber.testng.FeatureWrapper)[pri:0, instance:runners.TestRunner@3d6f0054]" started-at="2026-01-21T02:18:27 CET" name="runScenario" description="Runs Cucumber Scenarios" data-provider="scenarios" finished-at="2026-01-21T02:19:12 CET" duration-ms="45256" status="PASS">
          <params>
            <param index="0">
              <value>
                <![CDATA["Connexion valide"]]>
              </value>
            </param>
            <param index="1">
              <value>
                <![CDATA["Authentification"]]>
              </value>
            </param>
          </params>
          <reporter-output>
          </reporter-output>
        </test-method> <!-- runScenario -->
        <test-method is-config="true" signature="tearDownClass()[pri:0, instance:runners.TestRunner@3d6f0054]" started-at="2026-01-21T02:19:13 CET" name="tearDownClass" finished-at="2026-01-21T02:19:13 CET" duration-ms="3" status="PASS">
          <reporter-output>
          </reporter-output>
        </test-method> <!-- tearDownClass -->
      </class> <!-- runners.TestRunner -->
    </test> <!-- Surefire test -->
  </suite> <!-- Surefire suite -->
</testng-results>
